# JRE version: Java(TM) SE Runtime Environment (8.0_121-b13) (build 1.8.0_121-b13)
# Java VM: Java HotSpot(TM) 64-Bit Server VM (25.121-b13 mixed mode windows-amd64 compressed oops)
Heap:
 PSYoungGen      total 150016K, used 85403K [0x00000000d5c00000, 0x00000000e1180000, 0x0000000100000000)
  eden space 139776K, 61% used [0x00000000d5c00000,0x00000000daf66f98,0x00000000de480000)
  from space 10240K, 0% used [0x00000000dee80000,0x00000000dee80000,0x00000000df880000)
  to   space 10240K, 0% used [0x00000000de480000,0x00000000de480000,0x00000000dee80000)
 ParOldGen       total 63488K, used 14654K [0x0000000081400000, 0x0000000085200000, 0x00000000d5c00000)
  object space 63488K, 23% used [0x0000000081400000,0x000000008224f8b8,0x0000000085200000)
 Metaspace       used 36206K, capacity 38778K, committed 39080K, reserved 1083392K
  class space    used 4759K, capacity 5201K, committed 5296K, reserved 1048576K
GC Heap History (10 events):
Event: 2.750 GC heap before
{Heap before GC invocations=6 (full 1):
 PSYoungGen      total 71680K, used 66560K [0x00000000d5c00000, 0x00000000da700000, 0x0000000100000000)
  eden space 66560K, 100% used [0x00000000d5c00000,0x00000000d9d00000,0x00000000d9d00000)
  from space 5120K, 0% used [0x00000000da200000,0x00000000da200000,0x00000000da700000)
  to   space 5120K, 0% used [0x00000000d9d00000,0x00000000d9d00000,0x00000000da200000)
 ParOldGen       total 63488K, used 8343K [0x0000000081400000, 0x0000000085200000, 0x00000000d5c00000)
  object space 63488K, 13% used [0x0000000081400000,0x0000000081c25c98,0x0000000085200000)
 Metaspace       used 26081K, capacity 27516K, committed 27824K, reserved 1073152K
  class space    used 3361K, capacity 3634K, committed 3760K, reserved 1048576K
Event: 2.759 GC heap after
Heap after GC invocations=6 (full 1):
 PSYoungGen      total 71680K, used 5112K [0x00000000d5c00000, 0x00000000dce00000, 0x0000000100000000)
  eden space 66560K, 0% used [0x00000000d5c00000,0x00000000d5c00000,0x00000000d9d00000)
  from space 5120K, 99% used [0x00000000d9d00000,0x00000000da1fe298,0x00000000da200000)
  to   space 9216K, 0% used [0x00000000dc500000,0x00000000dc500000,0x00000000dce00000)
 ParOldGen       total 63488K, used 10405K [0x0000000081400000, 0x0000000085200000, 0x00000000d5c00000)
  object space 63488K, 16% used [0x0000000081400000,0x0000000081e29570,0x0000000085200000)
 Metaspace       used 26081K, capacity 27516K, committed 27824K, reserved 1073152K
  class space    used 3361K, capacity 3634K, committed 3760K, reserved 1048576K
}
Event: 4.050 GC heap before
{Heap before GC invocations=7 (full 1):
 PSYoungGen      total 71680K, used 71672K [0x00000000d5c00000, 0x00000000dce00000, 0x0000000100000000)
  eden space 66560K, 100% used [0x00000000d5c00000,0x00000000d9d00000,0x00000000d9d00000)
  from space 5120K, 99% used [0x00000000d9d00000,0x00000000da1fe298,0x00000000da200000)
  to   space 9216K, 0% used [0x00000000dc500000,0x00000000dc500000,0x00000000dce00000)
 ParOldGen       total 63488K, used 10405K [0x0000000081400000, 0x0000000085200000, 0x00000000d5c00000)
  object space 63488K, 16% used [0x0000000081400000,0x0000000081e29570,0x0000000085200000)
 Metaspace       used 28931K, capacity 30628K, committed 30768K, reserved 1075200K
  class space    used 3740K, capacity 4052K, committed 4144K, reserved 1048576K
Event: 4.063 GC heap after
Heap after GC invocations=7 (full 1):
 PSYoungGen      total 103424K, used 6318K [0x00000000d5c00000, 0x00000000dcb80000, 0x0000000100000000)
  eden space 96768K, 0% used [0x00000000d5c00000,0x00000000d5c00000,0x00000000dba80000)
  from space 6656K, 94% used [0x00000000dc500000,0x00000000dcb2b9e0,0x00000000dcb80000)
  to   space 8704K, 0% used [0x00000000dba80000,0x00000000dba80000,0x00000000dc300000)
 ParOldGen       total 63488K, used 10413K [0x0000000081400000, 0x0000000085200000, 0x00000000d5c00000)
  object space 63488K, 16% used [0x0000000081400000,0x0000000081e2b570,0x0000000085200000)
 Metaspace       used 28931K, capacity 30628K, committed 30768K, reserved 1075200K
  class space    used 3740K, capacity 4052K, committed 4144K, reserved 1048576K
}
Event: 5.155 GC heap before
{Heap before GC invocations=8 (full 1):
 PSYoungGen      total 103424K, used 103086K [0x00000000d5c00000, 0x00000000dcb80000, 0x0000000100000000)
  eden space 96768K, 100% used [0x00000000d5c00000,0x00000000dba80000,0x00000000dba80000)
  from space 6656K, 94% used [0x00000000dc500000,0x00000000dcb2b9e0,0x00000000dcb80000)
  to   space 8704K, 0% used [0x00000000dba80000,0x00000000dba80000,0x00000000dc300000)
 ParOldGen       total 63488K, used 10413K [0x0000000081400000, 0x0000000085200000, 0x00000000d5c00000)
  object space 63488K, 16% used [0x0000000081400000,0x0000000081e2b570,0x0000000085200000)
 Metaspace       used 32559K, capacity 34884K, committed 35120K, reserved 1079296K
  class space    used 4257K, capacity 4654K, committed 4656K, reserved 1048576K
Event: 5.169 GC heap after
Heap after GC invocations=8 (full 1):
 PSYoungGen      total 105472K, used 8699K [0x00000000d5c00000, 0x00000000df880000, 0x0000000100000000)
  eden space 96768K, 0% used [0x00000000d5c00000,0x00000000d5c00000,0x00000000dba80000)
  from space 8704K, 99% used [0x00000000dba80000,0x00000000dc2fef80,0x00000000dc300000)
  to   space 10240K, 0% used [0x00000000dee80000,0x00000000dee80000,0x00000000df880000)
 ParOldGen       total 63488K, used 11592K [0x0000000081400000, 0x0000000085200000, 0x00000000d5c00000)
  object space 63488K, 18% used [0x0000000081400000,0x0000000081f520a8,0x0000000085200000)
 Metaspace       used 32559K, capacity 34884K, committed 35120K, reserved 1079296K
  class space    used 4257K, capacity 4654K, committed 4656K, reserved 1048576K
}
Event: 5.428 GC heap before
{Heap before GC invocations=9 (full 1):
 PSYoungGen      total 105472K, used 25949K [0x00000000d5c00000, 0x00000000df880000, 0x0000000100000000)
  eden space 96768K, 17% used [0x00000000d5c00000,0x00000000d6cd86f0,0x00000000dba80000)
  from space 8704K, 99% used [0x00000000dba80000,0x00000000dc2fef80,0x00000000dc300000)
  to   space 10240K, 0% used [0x00000000dee80000,0x00000000dee80000,0x00000000df880000)
 ParOldGen       total 63488K, used 11592K [0x0000000081400000, 0x0000000085200000, 0x00000000d5c00000)
  object space 63488K, 18% used [0x0000000081400000,0x0000000081f520a8,0x0000000085200000)
 Metaspace       used 33069K, capacity 35400K, committed 35496K, reserved 1079296K
  class space    used 4331K, capacity 4732K, committed 4784K, reserved 1048576K
Event: 5.468 GC heap after
Heap after GC invocations=9 (full 1):
 PSYoungGen      total 150016K, used 8360K [0x00000000d5c00000, 0x00000000e1180000, 0x0000000100000000)
  eden space 139776K, 0% used [0x00000000d5c00000,0x00000000d5c00000,0x00000000de480000)
  from space 10240K, 81% used [0x00000000dee80000,0x00000000df6aa1c0,0x00000000df880000)
  to   space 10240K, 0% used [0x00000000de480000,0x00000000de480000,0x00000000dee80000)
 ParOldGen       total 63488K, used 11592K [0x0000000081400000, 0x0000000085200000, 0x00000000d5c00000)
  object space 63488K, 18% used [0x0000000081400000,0x0000000081f520a8,0x0000000085200000)
 Metaspace       used 33069K, capacity 35400K, committed 35496K, reserved 1079296K
  class space    used 4331K, capacity 4732K, committed 4784K, reserved 1048576K
}
Event: 5.468 GC heap before
{Heap before GC invocations=10 (full 2):
 PSYoungGen      total 150016K, used 8360K [0x00000000d5c00000, 0x00000000e1180000, 0x0000000100000000)
  eden space 139776K, 0% used [0x00000000d5c00000,0x00000000d5c00000,0x00000000de480000)
  from space 10240K, 81% used [0x00000000dee80000,0x00000000df6aa1c0,0x00000000df880000)
  to   space 10240K, 0% used [0x00000000de480000,0x00000000de480000,0x00000000dee80000)
 ParOldGen       total 63488K, used 11592K [0x0000000081400000, 0x0000000085200000, 0x00000000d5c00000)
  object space 63488K, 18% used [0x0000000081400000,0x0000000081f520a8,0x0000000085200000)
 Metaspace       used 33069K, capacity 35400K, committed 35496K, reserved 1079296K
  class space    used 4331K, capacity 4732K, committed 4784K, reserved 1048576K
Event: 5.562 GC heap after
Heap after GC invocations=10 (full 2):
 PSYoungGen      total 150016K, used 0K [0x00000000d5c00000, 0x00000000e1180000, 0x0000000100000000)
  eden space 139776K, 0% used [0x00000000d5c00000,0x00000000d5c00000,0x00000000de480000)
  from space 10240K, 0% used [0x00000000dee80000,0x00000000dee80000,0x00000000df880000)
  to   space 10240K, 0% used [0x00000000de480000,0x00000000de480000,0x00000000dee80000)
 ParOldGen       total 63488K, used 14654K [0x0000000081400000, 0x0000000085200000, 0x00000000d5c00000)
  object space 63488K, 23% used [0x0000000081400000,0x000000008224f8b8,0x0000000085200000)
 Metaspace       used 33069K, capacity 35400K, committed 35496K, reserved 1079296K
  class space    used 4331K, capacity 4732K, committed 4784K, reserved 1048576K
}

